+ log '=== ALinstall started: command='\''unknown'\'' env='\''/Users/mdavidson58/Documents/Anylog/anylog-demo-ova-scripts/ALinstall.env'\'' nodes='\''anylog-generic anylog-master anylog-operator anylog-query anylog-publisher anylog-standalone-operator anylog-standalone-publisher'\'' demo=false ==='
++ date '+%Y-%m-%d %H:%M:%S'
+ echo '[2026-03-09 18:13:40] === ALinstall started: command='\''unknown'\'' env='\''/Users/mdavidson58/Documents/Anylog/anylog-demo-ova-scripts/ALinstall.env'\'' nodes='\''anylog-generic anylog-master anylog-operator anylog-query anylog-publisher anylog-standalone-operator anylog-standalone-publisher'\'' demo=false ==='
[2026-03-09 18:13:40] === ALinstall started: command='unknown' env='/Users/mdavidson58/Documents/Anylog/anylog-demo-ova-scripts/ALinstall.env' nodes='anylog-generic anylog-master anylog-operator anylog-query anylog-publisher anylog-standalone-operator anylog-standalone-publisher' demo=false ===
+ log 'Log file: /Users/mdavidson58/Documents/Anylog/anylog-demo-ova-scripts/logs/ALinstall_unknown_20260309_181340.log'
++ date '+%Y-%m-%d %H:%M:%S'
+ echo '[2026-03-09 18:13:40] Log file: /Users/mdavidson58/Documents/Anylog/anylog-demo-ova-scripts/logs/ALinstall_unknown_20260309_181340.log'
[2026-03-09 18:13:40] Log file: /Users/mdavidson58/Documents/Anylog/anylog-demo-ova-scripts/logs/ALinstall_unknown_20260309_181340.log
+ [[ -f /Users/mdavidson58/Documents/Anylog/anylog-demo-ova-scripts/ALinstall.env ]]
+ set -a
+ source /Users/mdavidson58/Documents/Anylog/anylog-demo-ova-scripts/ALinstall.env
++ NODE_TYPE=master
++ COMPANY_NAME=Anylog-Demo
++ LICENSE_KEY=
++ REST_BIND=false
++ BROKER_BIND=false
++ TCP_BIND=true
++ LEDGER_CONN=127.0.0.1:32148
++ ENABLE_MQTT=true
++ MQTT_BROKER=172.104.228.251
++ NIC_TYPE=enp2s0
++ MSG_DBMS=new_company
++ NODE_MONITORING=true
++ STORE_MONITORING=true
++ SYSLOG_MONITORING=true
++ DOCKER_MONITORING=true
++ DEFAULT_DBMS=new_company
++ COMPOSE_VER=pre-develop
++ TAG=1.4.2512-beta24
+ set +a
++ ip route
++ awk '{print $5}'
++ grep default
ALinstall.sh: line 87: ip: command not found
+ NIC_TYPE=
++ ip -4 addr show ''
ALinstall.sh: line 88: ip: command not found
++ grep -oP '(?<=inet\s)\d+(\.\d+){3}'
grep: invalid option -- P
usage: grep [-abcdDEFGHhIiJLlMmnOopqRSsUVvwXxZz] [-A num] [-B num] [-C[num]]
	[-e pattern] [-f file] [--binary-files=value] [--color=when]
	[--context[=num]] [--directories=action] [--label] [--line-buffered]
	[--null] [pattern] [file ...]
+ IP_ADDR=
+ log 'Detected NIC:   IP: '
++ date '+%Y-%m-%d %H:%M:%S'
+ echo '[2026-03-09 18:13:40] Detected NIC:   IP: '
[2026-03-09 18:13:40] Detected NIC:   IP: 
ALinstall.sh: line 125: syntax error near unexpected token `fi'
ALinstall.sh: line 125: `    fi'
