[2026-03-11 12:36:18] === ALinstall started: OS=macos command='install' env='/Users/mdavidson58/Documents/Anylog/anylog-demo-ova-scripts/ALinstall.env' nodes='anylog-generic anylog-master anylog-operator anylog-query anylog-publisher anylog-standalone-operator anylog-standalone-publisher' demo=true ===
[2026-03-11 12:36:18] Log file: /Users/mdavidson58/Documents/Anylog/anylog-demo-ova-scripts/logs/ALinstall_install_20260311_123618.log
[2026-03-11 12:36:18] Detected OS: macos  NIC: en0  IP: 192.168.1.30
[2026-03-11 12:36:18] === Install started (OS=macos demo=true) ===
[2026-03-11 12:36:18] Installing system packages...
[2026-03-11 12:36:18] Docker already installed: Docker version 29.2.1, build a5c7197
Warning: make 4.4.1 is already installed and up-to-date.
To reinstall 4.4.1, run:
  brew reinstall make
Warning: gettext 1.0 is already installed and up-to-date.
To reinstall 1.0, run:
  brew reinstall gettext
[2026-03-11 12:36:19] Cloning docker-compose repo (branch: ova-demo)...
Cloning into 'docker-compose'...
WARNING! Using --password via the CLI is insecure. Use --password-stdin.
Login Succeeded
[2026-03-11 12:36:21] Setting Makefile TAG to 1.4.2512-beta24...
[2026-03-11 12:36:21] Enabling syslog...
[2026-03-11 12:36:21] macOS: skipping rsyslog setup (native syslog is always active)
[2026-03-11 12:36:21] Installing autostart entry...
[2026-03-11 12:36:21] macOS: autostart plist installed at /Users/mdavidson58/Library/LaunchAgents/com.anylog.startup-readme.plist
[2026-03-11 12:36:21] Configuring syslog forwarding to 192.168.1.30:32160...
[2026-03-11 12:36:21] macOS: configuring syslog forwarding via /etc/syslog.conf...
[2026-03-11 12:36:26] Configuring node: anylog-standalone-operator
[2026-03-11 12:36:26] Node configured: anylog-standalone-operator
[2026-03-11 12:36:26] Configuring node: anylog-operator
[2026-03-11 12:36:26] Node configured: anylog-operator
[2026-03-11 12:36:26] === Auto-start: launching nodes ===
[2026-03-11 12:36:26] Starting node: anylog-standalone-operator
LOADING MAKEFILE
anylogco/anylog-network
Dry Run anylog-standalone-operator - maddog-mbp.maddog-standalone
bash docker-makefiles/build_docker_compose.sh anylog-standalone-operator 1.4.2512-beta24
docker-makefiles/anylog-standalone-operator/node_configs.env
Generating final docker-compose.yaml...
Saved as docker-makefiles/docker-compose-files/anylog-standalone-operator-docker-compose.yaml
Deploy AnyLog anylog-standalone-operator
docker-compose -f docker-makefiles/docker-compose-files/anylog-standalone-operator-docker-compose.yaml  up -d
time="2026-03-11T12:36:27-04:00" level=warning msg="Found orphan containers ([maddog-mbp.maddog-operator]) for this project. If you removed or renamed this service in your compose file, you can run this command with the --remove-orphans flag to clean it up."
 Container remote-gui Running 
 Container maddog-mbp.maddog-standalone Recreate 
 Container maddog-mbp.maddog-standalone Recreated 
 Container maddog-mbp.maddog-standalone Starting 
 Container maddog-mbp.maddog-standalone Started 
[2026-03-11 12:36:28] Node started: anylog-standalone-operator
[2026-03-11 12:36:28] Starting node: anylog-operator
LOADING MAKEFILE
anylogco/anylog-network
Dry Run anylog-operator - maddog-mbp.maddog-operator
bash docker-makefiles/build_docker_compose.sh anylog-operator 1.4.2512-beta24
docker-makefiles/anylog-operator/node_configs.env
Generating final docker-compose.yaml...
Saved as docker-makefiles/docker-compose-files/anylog-operator-docker-compose.yaml
Deploy AnyLog anylog-operator
docker-compose -f docker-makefiles/docker-compose-files/anylog-operator-docker-compose.yaml  up -d
time="2026-03-11T12:36:29-04:00" level=warning msg="Found orphan containers ([maddog-mbp.maddog-standalone remote-gui]) for this project. If you removed or renamed this service in your compose file, you can run this command with the --remove-orphans flag to clean it up."
 Container maddog-mbp.maddog-operator Recreate 
 Container maddog-mbp.maddog-operator Recreated 
 Container maddog-mbp.maddog-operator Starting 
 Container maddog-mbp.maddog-operator Started 
[2026-03-11 12:36:31] Node started: anylog-operator
[2026-03-11 12:36:31] == Starting AnyLog GUI ==
[2026-03-11 12:36:31] == Starting Grafana ==
Unable to find image 'anylogco/oh-grafana:latest' locally
latest: Pulling from anylogco/oh-grafana
6e771e15690e: Pulling fs layer
c13cf23161d8: Pulling fs layer
a2b255b2aa14: Pulling fs layer
a89eac3bcaee: Pulling fs layer
8c99e2a25287: Pulling fs layer
c66b418533e4: Pulling fs layer
b24a93192a6a: Pulling fs layer
1a4df7eb367d: Pulling fs layer
117e9cc05b96: Pulling fs layer
9a8c18aee5ea: Pulling fs layer
36a2d98389d1: Pulling fs layer
3e75a96d35f3: Pulling fs layer
a34a7952d16e: Pulling fs layer
49ee62690438: Pulling fs layer
53bdbccf51ab: Pulling fs layer
a89eac3bcaee: Waiting
8c99e2a25287: Waiting
c66b418533e4: Waiting
a05807f0d6ff: Pulling fs layer
5830f6f91624: Pulling fs layer
0445dca5a077: Pulling fs layer
8d23a8af335f: Pulling fs layer
86b771677959: Pulling fs layer
b24a93192a6a: Waiting
1a4df7eb367d: Waiting
117e9cc05b96: Waiting
9a8c18aee5ea: Waiting
36a2d98389d1: Waiting
3e75a96d35f3: Waiting
a34a7952d16e: Waiting
49ee62690438: Waiting
53bdbccf51ab: Waiting
a05807f0d6ff: Waiting
5830f6f91624: Waiting
0445dca5a077: Waiting
8d23a8af335f: Waiting
86b771677959: Waiting
c13cf23161d8: Verifying Checksum
c13cf23161d8: Download complete
a89eac3bcaee: Verifying Checksum
a89eac3bcaee: Download complete
6e771e15690e: Verifying Checksum
6e771e15690e: Download complete
6e771e15690e: Pull complete
c13cf23161d8: Pull complete
8c99e2a25287: Download complete
a2b255b2aa14: Verifying Checksum
a2b255b2aa14: Download complete
c66b418533e4: Verifying Checksum
c66b418533e4: Download complete
a2b255b2aa14: Pull complete
a89eac3bcaee: Pull complete
8c99e2a25287: Pull complete
c66b418533e4: Pull complete
117e9cc05b96: Verifying Checksum
117e9cc05b96: Download complete
9a8c18aee5ea: Verifying Checksum
9a8c18aee5ea: Download complete
36a2d98389d1: Verifying Checksum
36a2d98389d1: Download complete
3e75a96d35f3: Verifying Checksum
3e75a96d35f3: Download complete
a34a7952d16e: Verifying Checksum
a34a7952d16e: Download complete
49ee62690438: Verifying Checksum
49ee62690438: Download complete
53bdbccf51ab: Verifying Checksum
53bdbccf51ab: Download complete
a05807f0d6ff: Verifying Checksum
a05807f0d6ff: Download complete
5830f6f91624: Verifying Checksum
5830f6f91624: Download complete
0445dca5a077: Verifying Checksum
0445dca5a077: Download complete
8d23a8af335f: Verifying Checksum
8d23a8af335f: Download complete
86b771677959: Verifying Checksum
86b771677959: Download complete
b24a93192a6a: Verifying Checksum
b24a93192a6a: Download complete
b24a93192a6a: Pull complete
1a4df7eb367d: Verifying Checksum
1a4df7eb367d: Download complete
1a4df7eb367d: Pull complete
117e9cc05b96: Pull complete
9a8c18aee5ea: Pull complete
36a2d98389d1: Pull complete
3e75a96d35f3: Pull complete
a34a7952d16e: Pull complete
49ee62690438: Pull complete
53bdbccf51ab: Pull complete
a05807f0d6ff: Pull complete
5830f6f91624: Pull complete
0445dca5a077: Pull complete
8d23a8af335f: Pull complete
86b771677959: Pull complete
Digest: sha256:95e07b903c108ad78f2f35a1d6dd13b7d3743b8d400ef898b88d4e75228287b0
Status: Downloaded newer image for anylogco/oh-grafana:latest
896d48b2da48aec09314af3092a45376e6a21f7b97ffda31052d186ebf23e3bb
[2026-03-11 12:36:50] === Install complete ===
[2026-03-11 12:36:50] === ALinstall finished ===
