+ log '=== ALinstall started: command='\''unknown'\'' env='\''/Users/mdavidson58/Documents/Anylog/anylog-demo-ova-scripts/ALinstall.env'\'' nodes='\''anylog-generic anylog-master anylog-operator anylog-query anylog-publisher anylog-standalone-operator anylog-standalone-publisher'\'' demo=false ==='
++ date '+%Y-%m-%d %H:%M:%S'
+ echo '[2026-03-09 18:23:11] === ALinstall started: command='\''unknown'\'' env='\''/Users/mdavidson58/Documents/Anylog/anylog-demo-ova-scripts/ALinstall.env'\'' nodes='\''anylog-generic anylog-master anylog-operator anylog-query anylog-publisher anylog-standalone-operator anylog-standalone-publisher'\'' demo=false ==='
[2026-03-09 18:23:11] === ALinstall started: command='unknown' env='/Users/mdavidson58/Documents/Anylog/anylog-demo-ova-scripts/ALinstall.env' nodes='anylog-generic anylog-master anylog-operator anylog-query anylog-publisher anylog-standalone-operator anylog-standalone-publisher' demo=false ===
+ log 'Log file: /Users/mdavidson58/Documents/Anylog/anylog-demo-ova-scripts/logs/ALinstall_unknown_20260309_182311.log'
++ date '+%Y-%m-%d %H:%M:%S'
+ echo '[2026-03-09 18:23:11] Log file: /Users/mdavidson58/Documents/Anylog/anylog-demo-ova-scripts/logs/ALinstall_unknown_20260309_182311.log'
[2026-03-09 18:23:11] Log file: /Users/mdavidson58/Documents/Anylog/anylog-demo-ova-scripts/logs/ALinstall_unknown_20260309_182311.log
+ set +a
++ ip route
ALinstall.sh: line 80: ip: command not found
++ grep default
++ awk '{print $5}'
+ NIC_TYPE=
++ ip -4 addr show ''
ALinstall.sh: line 81: ip: command not found
++ grep -oP '(?<=inet\s)\d+(\.\d+){3}'
grep: invalid option -- P
usage: grep [-abcdDEFGHhIiJLlMmnOopqRSsUVvwXxZz] [-A num] [-B num] [-C[num]]
	[-e pattern] [-f file] [--binary-files=value] [--color=when]
	[--context[=num]] [--directories=action] [--label] [--line-buffered]
	[--null] [pattern] [file ...]
+ IP_ADDR=
+ log 'Detected NIC:   IP: '
++ date '+%Y-%m-%d %H:%M:%S'
+ echo '[2026-03-09 18:23:11] Detected NIC:   IP: '
[2026-03-09 18:23:11] Detected NIC:   IP: 
ALinstall.sh: line 364: syntax error near unexpected token `done'
ALinstall.sh: line 364: `   done'
