[2026-03-11 12:41:47] === ALinstall started: OS=macos command='uninstall' env='/Users/mdavidson58/Documents/Anylog/anylog-demo-ova-scripts/ALinstall.env' nodes='anylog-generic anylog-master anylog-operator anylog-query anylog-publisher anylog-standalone-operator anylog-standalone-publisher' demo=true ===
[2026-03-11 12:41:47] Log file: /Users/mdavidson58/Documents/Anylog/anylog-demo-ova-scripts/logs/ALinstall_uninstall_20260311_124147.log
[2026-03-11 12:41:47] Detected OS: macos  NIC: en0  IP: 192.168.1.30
[2026-03-11 12:41:47] === Uninstall running nodes (demo=true) ===
[2026-03-11 12:41:47] Nodes to uninstall: grafana 
[2026-03-11 12:41:47] Uninstalling node: grafana
[2026-03-11 12:41:47] Node uninstalled: grafana
[2026-03-11 12:41:47] Checking for containers using images containing 'anylogco'...
[2026-03-11 12:41:47] Removing container 19fbc45956b7 (anylogco/anylog-network:1.4.2512-beta24)
[2026-03-11 12:41:47] Removing container 9fd88618671a (anylogco/anylog-network:1.4.2512-beta24)
[2026-03-11 12:41:48] Removing container b90f4bb535fb (anylogco/remote-gui:beta)
[2026-03-11 12:41:48] Removing container 63bd6f12efd6 (anylogco/remote-gui:beta2)
[2026-03-11 12:41:48] Checking for images containing 'anylogco'...
[2026-03-11 12:41:48] Removing image anylogco/remote-gui:beta (bd70569468b6)
[2026-03-11 12:41:48] Removing image anylogco/remote-gui:beta2 (f715ee1131bc)
[2026-03-11 12:41:48] Removing image anylogco/anylog-network:1.4.2512-beta24 (858e21e5cf12)
[2026-03-11 12:41:49] Removing image anylogco/oh-grafana:latest (fb254c5b2575)
[2026-03-11 12:41:49] Removing dangling images...
[2026-03-11 12:41:58] === Uninstall complete ===
[2026-03-11 12:41:58] === ALinstall finished ===
